{"logLevel":"debug","message":"multithreading is set to false"}
{"logLevel":"debug","message":"Using reflection to scan dependencies for gauge implementations..."}
SLF4J: Failed to load class "org.slf4j.impl.StaticLoggerBinder".
SLF4J: Defaulting to no-operation (NOP) logger implementation
SLF4J: See http://www.slf4j.org/codes.html#StaticLoggerBinder for further details.
WARNING: A terminally deprecated method in sun.misc.Unsafe has been called
WARNING: sun.misc.Unsafe::objectFieldOffset has been called by io.grpc.netty.shaded.io.netty.util.internal.PlatformDependent0$4 (file:/Users/alper/.m2/repository/io/grpc/grpc-netty-shaded/1.72.0/grpc-netty-shaded-1.72.0.jar)
WARNING: Please consider reporting this to the maintainers of class io.grpc.netty.shaded.io.netty.util.internal.PlatformDependent0$4
WARNING: sun.misc.Unsafe::objectFieldOffset will be removed in a future release
{"logLevel":"debug","message":"gauge-java took 282milliseconds to load and scan. This should be less than 'runner_connection_timeout' config value."}
{"logLevel":"debug","message":"run 'gauge config runner_connection_timeout' and verify that it is < 282"}
{"logLevel":"debug","message":"starting gRPC server..."}
{"logLevel":"debug","message":"started gRPC server on port 58189"}
{"logLevel":"info","message":"Listening on port:58189"}
{"logLevel":"debug","message":"Scanning packages for steps"}
{"logLevel":"debug","message":"Comparing 'taskloom.steps.StepImplementation.getUserById' and 'taskloom.steps.StepImplementation.getUserById'"}
{"logLevel":"debug","message":"Found Get user by id {} in current project scope."}
{"logLevel":"debug","message":"Comparing 'taskloom.steps.StepImplementation.checkStatusCode' and 'taskloom.steps.StepImplementation.checkStatusCode'"}
{"logLevel":"debug","message":"Found Response status code should be {} in current project scope."}
{"logLevel":"debug","message":"Comparing 'taskloom.steps.StepImplementation.checkField' and 'taskloom.steps.StepImplementation.checkField'"}
{"logLevel":"debug","message":"Found {} should be {} in response in current project scope."}
{"logLevel":"debug","message":"Comparing 'taskloom.steps.StepImplementation.deleteTask' and 'taskloom.steps.StepImplementation.deleteTask'"}
{"logLevel":"debug","message":"Found Delete task by id {} in current project scope."}
{"logLevel":"debug","message":"Comparing 'taskloom.steps.StepImplementation.changeTaskStatusById' and 'taskloom.steps.StepImplementation.changeTaskStatusById'"}
{"logLevel":"debug","message":"Found Patch task by id {} in current project scope."}
{"logLevel":"debug","message":"Comparing 'taskloom.steps.StepImplementation.checkResponseType' and 'taskloom.steps.StepImplementation.checkResponseType'"}
{"logLevel":"debug","message":"Found Response type should be {} in current project scope."}
{"logLevel":"debug","message":"Comparing 'taskloom.steps.StepImplementation.updateUser' and 'taskloom.steps.StepImplementation.updateUser'"}
{"logLevel":"debug","message":"Found Update user that {} in current project scope."}
{"logLevel":"debug","message":"Comparing 'taskloom.steps.StepImplementation.deleteUser' and 'taskloom.steps.StepImplementation.deleteUser'"}
{"logLevel":"debug","message":"Found Delete user by id {} in current project scope."}
{"logLevel":"debug","message":"Comparing 'taskloom.steps.StepImplementation.getTaskById' and 'taskloom.steps.StepImplementation.getTaskById'"}
{"logLevel":"debug","message":"Found Get task by id {} in current project scope."}
{"logLevel":"debug","message":"Comparing 'taskloom.steps.StepImplementation.createUser' and 'taskloom.steps.StepImplementation.createUser'"}
{"logLevel":"debug","message":"Found Create user that {} in current project scope."}
{"logLevel":"debug","message":"Comparing 'taskloom.steps.StepImplementation.createTask' and 'taskloom.steps.StepImplementation.createTask'"}
{"logLevel":"debug","message":"Found Create task that {} in current project scope."}
{"logLevel":"debug","message":"Comparing 'taskloom.steps.StepImplementation.getUserByUsername' and 'taskloom.steps.StepImplementation.getUserByUsername'"}
{"logLevel":"debug","message":"Found Get user by username {} in current project scope."}
{"logLevel":"debug","message":"Comparing 'taskloom.steps.StepImplementation.getUserByMail' and 'taskloom.steps.StepImplementation.getUserByMail'"}
{"logLevel":"debug","message":"Found Get user by mail {} in current project scope."}
{"logLevel":"debug","message":"Comparing 'taskloom.steps.StepImplementation.getAllUsers' and 'taskloom.steps.StepImplementation.getAllUsers'"}
{"logLevel":"debug","message":"Found Get all users in current project scope."}
{"logLevel":"debug","message":"Comparing 'taskloom.steps.StepImplementation.updateTask' and 'taskloom.steps.StepImplementation.updateTask'"}
{"logLevel":"debug","message":"Found Update task that {} in current project scope."}
{"logLevel":"debug","message":"Comparing 'taskloom.steps.StepImplementation.getAllTasks' and 'taskloom.steps.StepImplementation.getAllTasks'"}
{"logLevel":"debug","message":"Found Get all tasks in current project scope."}
{"logLevel":"debug","message":"Scanning packages for hooks"}
{"logLevel":"debug","message":"Scanned steps (using static parsing + reflections): "}
{"logLevel":"debug","message":"\tGet task by id {} : public void getTaskById(Integer id)"}
{"logLevel":"debug","message":"\tPatch task by id {} : public void changeTaskStatusById(Table table)"}
{"logLevel":"debug","message":"\tCreate task that {} : public void createTask(Table table)"}
{"logLevel":"debug","message":"\t{} should be {} in response : public void checkField(String field, String value)"}
{"logLevel":"debug","message":"\tCreate user that {} : public void createUser(Table table)"}
{"logLevel":"debug","message":"\tDelete task by id {} : public void deleteTask(Integer id)"}
{"logLevel":"debug","message":"\tGet all tasks : public void getAllTasks()"}
{"logLevel":"debug","message":"\tResponse status code should be {} : public void checkStatusCode(Integer statusCode)"}
{"logLevel":"debug","message":"\tUpdate user that {} : public void updateUser(Table table)"}
{"logLevel":"debug","message":"\tResponse type should be {} : public void checkResponseType(String type)"}
{"logLevel":"debug","message":"\tDelete user by id {} : public void deleteUser(Integer id)"}
{"logLevel":"debug","message":"\tGet all users : public void getAllUsers()"}
{"logLevel":"debug","message":"\tUpdate task that {} : public void updateTask(Table table)"}
{"logLevel":"debug","message":"\tGet user by id {} : public void getUserById(Integer id)"}
{"logLevel":"debug","message":"\tGet user by username {} : public void getUserByUsername(String username)"}
{"logLevel":"debug","message":"\tGet user by mail {} : public void getUserByMail(String mail)"}
{"logLevel":"debug","message":"Executing 'Create task that {}' using 'class taskloom.steps.StepImplementation.createTask"}
Request method:	POST
Request URI:	http://localhost:8080/tasks
Proxy:			<none>
Request params:	<none>
Query params:	<none>
Form params:	<none>
Path params:	<none>
Headers:		Accept=application/json
				Content-Type=application/json
Cookies:		<none>
Multiparts:		<none>
Body:
{
    "title": "grocery shopping",
    "description": "milk, tea, coffee",
    "status": "TODO",
    "assignedUserId": 3
}
HTTP/1.1 201 
Content-Type: application/json
Transfer-Encoding: chunked
Date: Mon, 08 Sep 2025 12:17:38 GMT
Keep-Alive: timeout=60
Connection: keep-alive

{
    "id": 49,
    "title": "grocery shopping",
    "description": "milk, tea, coffee",
    "status": "TODO",
    "createdAt": "2025-09-08T12:17:38.838024Z",
    "updatedAt": "2025-09-08T12:17:38.838024Z"
}
{"logLevel":"debug","message":"Executing 'Response status code should be {}' using 'class taskloom.steps.StepImplementation.checkStatusCode"}
{"logLevel":"debug","message":"Executing 'Response type should be {}' using 'class taskloom.steps.StepImplementation.checkResponseType"}
{"logLevel":"debug","message":"Executing '{} should be {} in response' using 'class taskloom.steps.StepImplementation.checkField"}
{"logLevel":"debug","message":"Executing '{} should be {} in response' using 'class taskloom.steps.StepImplementation.checkField"}
{"logLevel":"debug","message":"Executing '{} should be {} in response' using 'class taskloom.steps.StepImplementation.checkField"}
{"logLevel":"debug","message":"Executing 'Create task that {}' using 'class taskloom.steps.StepImplementation.createTask"}
Request method:	POST
Request URI:	http://localhost:8080/tasks
Proxy:			<none>
Request params:	<none>
Query params:	<none>
Form params:	<none>
Path params:	<none>
Headers:		Accept=application/json
				Content-Type=application/json
Cookies:		<none>
Multiparts:		<none>
Body:
{
    "title": "homeworks",
    "description": "math, science, history",
    "status": null,
    "assignedUserId": 3
}
HTTP/1.1 201 
Content-Type: application/json
Transfer-Encoding: chunked
Date: Mon, 08 Sep 2025 12:17:39 GMT
Keep-Alive: timeout=60
Connection: keep-alive

{
    "id": 50,
    "title": "homeworks",
    "description": "math, science, history",
    "status": "TODO",
    "createdAt": "2025-09-08T12:17:39.035899Z",
    "updatedAt": "2025-09-08T12:17:39.035899Z"
}
{"logLevel":"debug","message":"Executing 'Response status code should be {}' using 'class taskloom.steps.StepImplementation.checkStatusCode"}
{"logLevel":"debug","message":"Executing 'Response type should be {}' using 'class taskloom.steps.StepImplementation.checkResponseType"}
{"logLevel":"debug","message":"Executing '{} should be {} in response' using 'class taskloom.steps.StepImplementation.checkField"}
{"logLevel":"debug","message":"Executing '{} should be {} in response' using 'class taskloom.steps.StepImplementation.checkField"}
{"logLevel":"debug","message":"Executing '{} should be {} in response' using 'class taskloom.steps.StepImplementation.checkField"}
{"logLevel":"debug","message":"Executing 'Create task that {}' using 'class taskloom.steps.StepImplementation.createTask"}
Request method:	POST
Request URI:	http://localhost:8080/tasks
Proxy:			<none>
Request params:	<none>
Query params:	<none>
Form params:	<none>
Path params:	<none>
Headers:		Accept=application/json
				Content-Type=application/json
Cookies:		<none>
Multiparts:		<none>
Body:
{
    "title": "homeworks",
    "description": "math, science, history",
    "status": null,
    "assignedUserId": 10
}
HTTP/1.1 400 
Content-Type: application/json
Transfer-Encoding: chunked
Date: Mon, 08 Sep 2025 12:17:39 GMT
Connection: close

{
    "message": "400 BAD_REQUEST \"User not found\"",
    "statusCode": 400
}
{"logLevel":"debug","message":"Executing 'Response status code should be {}' using 'class taskloom.steps.StepImplementation.checkStatusCode"}
{"logLevel":"debug","message":"Executing 'Create task that {}' using 'class taskloom.steps.StepImplementation.createTask"}
Request method:	POST
Request URI:	http://localhost:8080/tasks
Proxy:			<none>
Request params:	<none>
Query params:	<none>
Form params:	<none>
Path params:	<none>
Headers:		Accept=application/json
				Content-Type=application/json
Cookies:		<none>
Multiparts:		<none>
Body:
{
    "title": "homeworks",
    "description": "math, science, history",
    "status": null,
    "assignedUserId": null
}
HTTP/1.1 422 
Content-Type: application/json
Transfer-Encoding: chunked
Date: Mon, 08 Sep 2025 12:17:39 GMT
Keep-Alive: timeout=60
Connection: keep-alive

{
    "message": "The given id must not be null",
    "statusCode": 422
}
{"logLevel":"debug","message":"Executing 'Response status code should be {}' using 'class taskloom.steps.StepImplementation.checkStatusCode"}
{"logLevel":"debug","message":"Killing Java runner..."}
{"logLevel":"debug","message":"Stopping execution pool..."}
{"logLevel":"debug","message":"Shutting down grpc server..."}
{"logLevel":"debug","message":"Runner killed gracefully."}
