{"logLevel":"debug","message":"multithreading is set to false"}
{"logLevel":"debug","message":"Using reflection to scan dependencies for gauge implementations..."}
SLF4J: Failed to load class "org.slf4j.impl.StaticLoggerBinder".
SLF4J: Defaulting to no-operation (NOP) logger implementation
SLF4J: See http://www.slf4j.org/codes.html#StaticLoggerBinder for further details.
WARNING: A terminally deprecated method in sun.misc.Unsafe has been called
WARNING: sun.misc.Unsafe::objectFieldOffset has been called by io.grpc.netty.shaded.io.netty.util.internal.PlatformDependent0$4 (file:/Users/alper/.m2/repository/io/grpc/grpc-netty-shaded/1.72.0/grpc-netty-shaded-1.72.0.jar)
WARNING: Please consider reporting this to the maintainers of class io.grpc.netty.shaded.io.netty.util.internal.PlatformDependent0$4
WARNING: sun.misc.Unsafe::objectFieldOffset will be removed in a future release
{"logLevel":"debug","message":"gauge-java took 288milliseconds to load and scan. This should be less than 'runner_connection_timeout' config value."}
{"logLevel":"debug","message":"run 'gauge config runner_connection_timeout' and verify that it is < 288"}
{"logLevel":"debug","message":"starting gRPC server..."}
{"logLevel":"debug","message":"started gRPC server on port 64901"}
{"logLevel":"info","message":"Listening on port:64901"}
{"logLevel":"debug","message":"Scanning packages for steps"}
{"logLevel":"debug","message":"Comparing 'taskloom.steps.StepImplementations.checkField' and 'taskloom.steps.StepImplementations.checkField'"}
{"logLevel":"debug","message":"Found Task {} should be {} in current project scope."}
{"logLevel":"debug","message":"Comparing 'taskloom.steps.StepImplementations.checkStatusCode' and 'taskloom.steps.StepImplementations.checkStatusCode'"}
{"logLevel":"debug","message":"Found Response status code should be {} in current project scope."}
{"logLevel":"debug","message":"Comparing 'taskloom.steps.StepImplementations.getAllTasks' and 'taskloom.steps.StepImplementations.getAllTasks'"}
{"logLevel":"debug","message":"Found Get all tasks in current project scope."}
{"logLevel":"debug","message":"Comparing 'taskloom.steps.StepImplementations.createTask' and 'taskloom.steps.StepImplementations.createTask'"}
{"logLevel":"debug","message":"Found Create task that {} in current project scope."}
{"logLevel":"debug","message":"Comparing 'taskloom.steps.StepImplementations.checkResponseType' and 'taskloom.steps.StepImplementations.checkResponseType'"}
{"logLevel":"debug","message":"Found Response type should be {} in current project scope."}
{"logLevel":"debug","message":"Comparing 'taskloom.steps.StepImplementations.getTaskById' and 'taskloom.steps.StepImplementations.getTaskById'"}
{"logLevel":"debug","message":"Found Get task by id {} in current project scope."}
{"logLevel":"debug","message":"Comparing 'taskloom.steps.StepImplementations.updateTask' and 'taskloom.steps.StepImplementations.updateTask'"}
{"logLevel":"debug","message":"Found Update task that {} in current project scope."}
{"logLevel":"debug","message":"Comparing 'taskloom.steps.StepImplementations.changeTaskStatusById' and 'taskloom.steps.StepImplementations.changeTaskStatusById'"}
{"logLevel":"debug","message":"Found Patch task by id {} in current project scope."}
{"logLevel":"debug","message":"Comparing 'taskloom.steps.StepImplementations.deleteTask' and 'taskloom.steps.StepImplementations.deleteTask'"}
{"logLevel":"debug","message":"Found Delete task by id {} in current project scope."}
{"logLevel":"debug","message":"Scanning packages for hooks"}
{"logLevel":"debug","message":"Scanned steps (using static parsing + reflections): "}
{"logLevel":"debug","message":"\tGet task by id {} : public void getTaskById(Integer id)"}
{"logLevel":"debug","message":"\tGet all tasks : public void getAllTasks()"}
{"logLevel":"debug","message":"\tResponse status code should be {} : public void checkStatusCode(Integer statusCode)"}
{"logLevel":"debug","message":"\tTask {} should be {} : public void checkField(String field, String value)"}
{"logLevel":"debug","message":"\tPatch task by id {} : public void changeTaskStatusById(Table table)"}
{"logLevel":"debug","message":"\tResponse type should be {} : public void checkResponseType(String type)"}
{"logLevel":"debug","message":"\tCreate task that {} : public void createTask(Table table)"}
{"logLevel":"debug","message":"\tUpdate task that {} : public void updateTask(Table table)"}
{"logLevel":"debug","message":"\tDelete task by id {} : public void deleteTask(Integer id)"}
{"logLevel":"debug","message":"Executing 'Update task that {}' using 'class taskloom.steps.StepImplementations.updateTask"}
Request method:	PUT
Request URI:	http://localhost:8080/tasks/1
Proxy:			<none>
Request params:	<none>
Query params:	<none>
Form params:	<none>
Path params:	<none>
Headers:		Accept=application/json
				Content-Type=application/json
Cookies:		<none>
Multiparts:		<none>
Body:
{
    "title": "make calls",
    "description": "John, Alice",
    "status": "DONE"
}
{"logLevel":"debug","message":"Executing 'Update task that {}' using 'class taskloom.steps.StepImplementations.updateTask"}
Request method:	PUT
Request URI:	http://localhost:8080/tasks/1
Proxy:			<none>
Request params:	<none>
Query params:	<none>
Form params:	<none>
Path params:	<none>
Headers:		Accept=application/json
				Content-Type=application/json
Cookies:		<none>
Multiparts:		<none>
Body:
{
    "title": "make calls",
    "description": "do",
    "status": "TODO"
}
{"logLevel":"debug","message":"Executing 'Create task that {}' using 'class taskloom.steps.StepImplementations.createTask"}
Request method:	POST
Request URI:	http://localhost:8080/tasks
Proxy:			<none>
Request params:	<none>
Query params:	<none>
Form params:	<none>
Path params:	<none>
Headers:		Accept=application/json
				Content-Type=application/json
Cookies:		<none>
Multiparts:		<none>
Body:
{
    "title": "grocery shopping",
    "description": "milk, tea, coffee",
    "status": "TODO"
}
{"logLevel":"debug","message":"Executing 'Create task that {}' using 'class taskloom.steps.StepImplementations.createTask"}
Request method:	POST
Request URI:	http://localhost:8080/tasks
Proxy:			<none>
Request params:	<none>
Query params:	<none>
Form params:	<none>
Path params:	<none>
Headers:		Accept=application/json
				Content-Type=application/json
Cookies:		<none>
Multiparts:		<none>
Body:
{
    "title": "homeworks",
    "description": "math, science, history",
    "status": null
}
{"logLevel":"debug","message":"Executing 'Create task that {}' using 'class taskloom.steps.StepImplementations.createTask"}
Request method:	POST
Request URI:	http://localhost:8080/tasks
Proxy:			<none>
Request params:	<none>
Query params:	<none>
Form params:	<none>
Path params:	<none>
Headers:		Accept=application/json
				Content-Type=application/json
Cookies:		<none>
Multiparts:		<none>
Body:
{
    "title": "do",
    "description": "John, Alice",
    "status": "TODO"
}
{"logLevel":"debug","message":"Executing 'Delete task by id {}' using 'class taskloom.steps.StepImplementations.deleteTask"}
Request method:	DELETE
Request URI:	http://localhost:8080/tasks/2
Proxy:			<none>
Request params:	<none>
Query params:	<none>
Form params:	<none>
Path params:	<none>
Headers:		Accept=application/json
Cookies:		<none>
Multiparts:		<none>
Body:			<none>
{"logLevel":"debug","message":"Executing 'Get task by id {}' using 'class taskloom.steps.StepImplementations.getTaskById"}
Request method:	GET
Request URI:	http://localhost:8080/tasks/1
Proxy:			<none>
Request params:	<none>
Query params:	<none>
Form params:	<none>
Path params:	<none>
Headers:		Accept=application/json
Cookies:		<none>
Multiparts:		<none>
Body:			<none>
{"logLevel":"debug","message":"Executing 'Get all tasks' using 'class taskloom.steps.StepImplementations.getAllTasks"}
Request method:	GET
Request URI:	http://localhost:8080/tasks
Proxy:			<none>
Request params:	<none>
Query params:	<none>
Form params:	<none>
Path params:	<none>
Headers:		Accept=application/json
Cookies:		<none>
Multiparts:		<none>
Body:			<none>
{"logLevel":"debug","message":"Executing 'Patch task by id {}' using 'class taskloom.steps.StepImplementations.changeTaskStatusById"}
Request method:	PATCH
Request URI:	http://localhost:8080/tasks/1/status
Proxy:			<none>
Request params:	<none>
Query params:	<none>
Form params:	<none>
Path params:	<none>
Headers:		Accept=application/json
				Content-Type=application/json
Cookies:		<none>
Multiparts:		<none>
Body:
{
    "taskStatus": "TODO"
}
{"logLevel":"debug","message":"Killing Java runner..."}
{"logLevel":"debug","message":"Stopping execution pool..."}
{"logLevel":"debug","message":"Shutting down grpc server..."}
{"logLevel":"debug","message":"Runner killed gracefully."}
