{"logLevel":"debug","message":"multithreading is set to false"}
{"logLevel":"debug","message":"Using reflection to scan dependencies for gauge implementations..."}
SLF4J: Failed to load class "org.slf4j.impl.StaticLoggerBinder".
SLF4J: Defaulting to no-operation (NOP) logger implementation
SLF4J: See http://www.slf4j.org/codes.html#StaticLoggerBinder for further details.
WARNING: A terminally deprecated method in sun.misc.Unsafe has been called
WARNING: sun.misc.Unsafe::objectFieldOffset has been called by io.grpc.netty.shaded.io.netty.util.internal.PlatformDependent0$4 (file:/Users/alper/.m2/repository/io/grpc/grpc-netty-shaded/1.72.0/grpc-netty-shaded-1.72.0.jar)
WARNING: Please consider reporting this to the maintainers of class io.grpc.netty.shaded.io.netty.util.internal.PlatformDependent0$4
WARNING: sun.misc.Unsafe::objectFieldOffset will be removed in a future release
{"logLevel":"debug","message":"gauge-java took 280milliseconds to load and scan. This should be less than 'runner_connection_timeout' config value."}
{"logLevel":"debug","message":"run 'gauge config runner_connection_timeout' and verify that it is < 280"}
{"logLevel":"debug","message":"starting gRPC server..."}
{"logLevel":"debug","message":"started gRPC server on port 63977"}
{"logLevel":"info","message":"Listening on port:63977"}
{"logLevel":"debug","message":"Scanning packages for steps"}
{"logLevel":"debug","message":"Comparing 'taskloom.steps.StepImplementation.getUserById' and 'taskloom.steps.StepImplementation.getUserById'"}
{"logLevel":"debug","message":"Found Get user by id {} in current project scope."}
{"logLevel":"debug","message":"Comparing 'taskloom.steps.StepImplementation.checkStatusCode' and 'taskloom.steps.StepImplementation.checkStatusCode'"}
{"logLevel":"debug","message":"Found Response status code should be {} in current project scope."}
{"logLevel":"debug","message":"Comparing 'taskloom.steps.StepImplementation.checkField' and 'taskloom.steps.StepImplementation.checkField'"}
{"logLevel":"debug","message":"Found {} should be {} in response in current project scope."}
{"logLevel":"debug","message":"Comparing 'taskloom.steps.StepImplementation.register' and 'taskloom.steps.StepImplementation.register'"}
{"logLevel":"debug","message":"Found Make register request {} in current project scope."}
{"logLevel":"debug","message":"Comparing 'taskloom.steps.StepImplementation.deleteTask' and 'taskloom.steps.StepImplementation.deleteTask'"}
{"logLevel":"debug","message":"Found Delete task by id {} in current project scope."}
{"logLevel":"debug","message":"Comparing 'taskloom.steps.StepImplementation.changeTaskStatusById' and 'taskloom.steps.StepImplementation.changeTaskStatusById'"}
{"logLevel":"debug","message":"Found Patch task by id {} in current project scope."}
{"logLevel":"debug","message":"Comparing 'taskloom.steps.StepImplementation.checkResponseType' and 'taskloom.steps.StepImplementation.checkResponseType'"}
{"logLevel":"debug","message":"Found Response type should be {} in current project scope."}
{"logLevel":"debug","message":"Comparing 'taskloom.steps.StepImplementation.updateUser' and 'taskloom.steps.StepImplementation.updateUser'"}
{"logLevel":"debug","message":"Found Update user that {} in current project scope."}
{"logLevel":"debug","message":"Comparing 'taskloom.steps.StepImplementation.deleteUser' and 'taskloom.steps.StepImplementation.deleteUser'"}
{"logLevel":"debug","message":"Found Delete user by id {} in current project scope."}
{"logLevel":"debug","message":"Comparing 'taskloom.steps.StepImplementation.getTaskById' and 'taskloom.steps.StepImplementation.getTaskById'"}
{"logLevel":"debug","message":"Found Get task by id {} in current project scope."}
{"logLevel":"debug","message":"Comparing 'taskloom.steps.StepImplementation.createUser' and 'taskloom.steps.StepImplementation.createUser'"}
{"logLevel":"debug","message":"Found Create user that {} in current project scope."}
{"logLevel":"debug","message":"Comparing 'taskloom.steps.StepImplementation.createTask' and 'taskloom.steps.StepImplementation.createTask'"}
{"logLevel":"debug","message":"Found Create task that {} in current project scope."}
{"logLevel":"debug","message":"Comparing 'taskloom.steps.StepImplementation.getUserByUsername' and 'taskloom.steps.StepImplementation.getUserByUsername'"}
{"logLevel":"debug","message":"Found Get user by username {} in current project scope."}
{"logLevel":"debug","message":"Comparing 'taskloom.steps.StepImplementation.getUserByMail' and 'taskloom.steps.StepImplementation.getUserByMail'"}
{"logLevel":"debug","message":"Found Get user by mail {} in current project scope."}
{"logLevel":"debug","message":"Comparing 'taskloom.steps.StepImplementation.getAllUsers' and 'taskloom.steps.StepImplementation.getAllUsers'"}
{"logLevel":"debug","message":"Found Get all users in current project scope."}
{"logLevel":"debug","message":"Comparing 'taskloom.steps.StepImplementation.updateTask' and 'taskloom.steps.StepImplementation.updateTask'"}
{"logLevel":"debug","message":"Found Update task that {} in current project scope."}
{"logLevel":"debug","message":"Comparing 'taskloom.steps.StepImplementation.getAllTasks' and 'taskloom.steps.StepImplementation.getAllTasks'"}
{"logLevel":"debug","message":"Found Get all tasks in current project scope."}
{"logLevel":"debug","message":"Comparing 'taskloom.steps.StepImplementation.login' and 'taskloom.steps.StepImplementation.login'"}
{"logLevel":"debug","message":"Found Make login request {} in current project scope."}
{"logLevel":"debug","message":"Comparing 'taskloom.steps.StepImplementation.getTasksOfUserById' and 'taskloom.steps.StepImplementation.getTasksOfUserById'"}
{"logLevel":"debug","message":"Found Get tasks of user by user id {} in current project scope."}
{"logLevel":"debug","message":"Scanning packages for hooks"}
{"logLevel":"debug","message":"Scanned steps (using static parsing + reflections): "}
{"logLevel":"debug","message":"\tGet task by id {} : public void getTaskById(Integer id)"}
{"logLevel":"debug","message":"\tMake login request {} : public void login(Table table)"}
{"logLevel":"debug","message":"\tMake register request {} : public void register(Table table)"}
{"logLevel":"debug","message":"\tGet tasks of user by user id {} : public void getTasksOfUserById(Integer id)"}
{"logLevel":"debug","message":"\tPatch task by id {} : public void changeTaskStatusById(Table table)"}
{"logLevel":"debug","message":"\tCreate task that {} : public void createTask(Table table)"}
{"logLevel":"debug","message":"\t{} should be {} in response : public void checkField(String field, String value)"}
{"logLevel":"debug","message":"\tCreate user that {} : public void createUser(Table table)"}
{"logLevel":"debug","message":"\tDelete task by id {} : public void deleteTask(Integer id)"}
{"logLevel":"debug","message":"\tGet all tasks : public void getAllTasks()"}
{"logLevel":"debug","message":"\tResponse status code should be {} : public void checkStatusCode(Integer statusCode)"}
{"logLevel":"debug","message":"\tUpdate user that {} : public void updateUser(Table table)"}
{"logLevel":"debug","message":"\tResponse type should be {} : public void checkResponseType(String type)"}
{"logLevel":"debug","message":"\tDelete user by id {} : public void deleteUser(Integer id)"}
{"logLevel":"debug","message":"\tGet all users : public void getAllUsers()"}
{"logLevel":"debug","message":"\tUpdate task that {} : public void updateTask(Table table)"}
{"logLevel":"debug","message":"\tGet user by id {} : public void getUserById(Integer id)"}
{"logLevel":"debug","message":"\tGet user by username {} : public void getUserByUsername(String username)"}
{"logLevel":"debug","message":"\tGet user by mail {} : public void getUserByMail(String mail)"}
{"logLevel":"debug","message":"Executing 'Make register request {}' using 'class taskloom.steps.StepImplementation.register"}
Request method:	POST
Request URI:	http://localhost:8080/auth/register
Proxy:			<none>
Request params:	<none>
Query params:	<none>
Form params:	<none>
Path params:	<none>
Headers:		Accept=application/json
				Content-Type=application/json
Cookies:		<none>
Multiparts:		<none>
Body:
{
    "username": "alper",
    "mail": "alper@test.com",
    "password": "exampass"
}
HTTP/1.1 409 
X-Content-Type-Options: nosniff
X-XSS-Protection: 0
Cache-Control: no-cache, no-store, max-age=0, must-revalidate
Pragma: no-cache
Expires: 0
Content-Type: application/json
Transfer-Encoding: chunked
Date: Fri, 12 Sep 2025 13:49:56 GMT
Keep-Alive: timeout=60
Connection: keep-alive

{
    "message": "Username already in use"
}
{"logLevel":"debug","message":"Executing 'Response status code should be {}' using 'class taskloom.steps.StepImplementation.checkStatusCode"}
{"logLevel":"debug","message":"Executing 'Make login request {}' using 'class taskloom.steps.StepImplementation.login"}
Request method:	POST
Request URI:	http://localhost:8080/auth/login
Proxy:			<none>
Request params:	<none>
Query params:	<none>
Form params:	<none>
Path params:	<none>
Headers:		Accept=application/json
				Content-Type=application/json
Cookies:		<none>
Multiparts:		<none>
Body:
{
    "username": "alper",
    "password": "exampass"
}
HTTP/1.1 200 
X-Content-Type-Options: nosniff
X-XSS-Protection: 0
Cache-Control: no-cache, no-store, max-age=0, must-revalidate
Pragma: no-cache
Expires: 0
Content-Type: application/json
Transfer-Encoding: chunked
Date: Fri, 12 Sep 2025 13:49:56 GMT
Keep-Alive: timeout=60
Connection: keep-alive

{
    "tokenType": "Bearer",
    "accessToken": "eyJhbGciOiJIUzI1NiJ9.eyJzdWIiOiJhbHBlciIsImlzcyI6InRhc2tsb29tIiwicm9sZXMiOiJVU0VSIiwiaWF0IjoxNzU3Njg0OTk2LCJleHAiOjE3NTc2ODg1OTZ9.M8vkrXeyHrwSSDkKk8K63XuOPco-ES_fIb_aydmzK18"
}
{"logLevel":"debug","message":"Executing 'Response status code should be {}' using 'class taskloom.steps.StepImplementation.checkStatusCode"}
{"logLevel":"debug","message":"Executing '{} should be {} in response' using 'class taskloom.steps.StepImplementation.checkField"}
{"logLevel":"debug","message":"Killing Java runner..."}
{"logLevel":"debug","message":"Stopping execution pool..."}
{"logLevel":"debug","message":"Shutting down grpc server..."}
